Sep 26 18:21:11 Installed: mailx-12.5-19.el7.x86_64
Sep 26 18:21:11 Installed: libreport-filesystem-2.1.11-43.el7.centos.x86_64
Sep 26 18:21:12 Installed: mdadm-4.1-1.el7.x86_64
Sep 26 18:21:12 Installed: 1:smartmontools-7.0-1.el7.x86_64
Sep 26 18:21:12 Installed: hdparm-9.43-5.el7.x86_64
Sep 26 18:21:12 Installed: gdisk-0.8.10-3.el7.x86_64
Sep 27 10:53:10 Updated: libgcc-4.8.5-39.el7.x86_64
Sep 27 10:53:10 Updated: 1:grub2-common-2.02-0.80.el7.centos.noarch
Sep 27 10:53:10 Updated: centos-release-7-7.1908.0.el7.centos.x86_64
Sep 27 10:53:12 Updated: 1:grub2-pc-modules-2.02-0.80.el7.centos.noarch
Sep 27 10:53:12 Updated: 1:quota-nls-4.01-19.el7.noarch
Sep 27 10:53:12 Updated: firewalld-filesystem-0.6.3-2.el7_7.1.noarch
Sep 27 10:53:12 Updated: 32:bind-license-9.11.4-9.P2.el7.noarch
Sep 27 10:53:17 Updated: tzdata-2019c-1.el7.noarch
Sep 27 10:53:18 Updated: bash-4.2.46-33.el7.x86_64
Sep 27 10:53:18 Updated: nss-softokn-freebl-3.44.0-5.el7.x86_64
Sep 27 10:53:32 Updated: glibc-common-2.17-292.el7.x86_64
Sep 27 10:53:35 Updated: glibc-2.17-292.el7.x86_64
Sep 27 10:53:35 Updated: nspr-4.21.0-1.el7.x86_64
Sep 27 10:53:35 Updated: nss-util-3.44.0-3.el7.x86_64
Sep 27 10:53:36 Updated: libcom_err-1.42.9-16.el7.x86_64
Sep 27 10:53:36 Updated: audit-libs-2.8.5-4.el7.x86_64
Sep 27 10:53:36 Updated: libcap-2.22-10.el7.x86_64
Sep 27 10:53:37 Updated: 1:openssl-libs-1.0.2k-19.el7.x86_64
Sep 27 10:53:39 Updated: coreutils-8.22-24.el7.x86_64
Sep 27 10:53:40 Updated: krb5-libs-1.15.1-37.el7_7.2.x86_64
Sep 27 10:53:40 Updated: libuuid-2.23.2-61.el7.x86_64
Sep 27 10:53:40 Updated: libblkid-2.23.2-61.el7.x86_64
Sep 27 10:53:42 Updated: 2:shadow-utils-4.6-5.el7.x86_64
Sep 27 10:53:42 Updated: libdb-5.3.21-25.el7.x86_64
Sep 27 10:53:42 Updated: libstdc++-4.8.5-39.el7.x86_64
Sep 27 10:53:43 Updated: elfutils-libelf-0.176-2.el7.x86_64
Sep 27 10:53:43 Updated: libmount-2.23.2-61.el7.x86_64
Sep 27 10:53:44 Updated: glib2-2.56.1-5.el7.x86_64
Sep 27 10:53:44 Updated: readline-6.2-11.el7.x86_64
Sep 27 10:53:45 Updated: libtalloc-2.1.14-1.el7.x86_64
Sep 27 10:53:45 Updated: diffutils-3.3-5.el7.x86_64
Sep 27 10:53:53 Updated: python-libs-2.7.5-86.el7.x86_64
Sep 27 10:53:53 Updated: python-2.7.5-86.el7.x86_64
Sep 27 10:53:54 Updated: libtdb-1.3.16-1.el7.x86_64
Sep 27 10:53:54 Updated: libtevent-0.9.37-1.el7.x86_64
Sep 27 10:53:54 Updated: libtirpc-0.2.4-0.16.el7.x86_64
Sep 27 10:53:54 Updated: e2fsprogs-libs-1.42.9-16.el7.x86_64
Sep 27 10:53:54 Updated: nss-softokn-3.44.0-5.el7.x86_64
Sep 27 10:53:54 Updated: nss-pem-1.0.3-7.el7.x86_64
Sep 27 10:53:55 Updated: nss-3.44.0-4.el7.x86_64
Sep 27 10:53:55 Updated: nss-sysinit-3.44.0-4.el7.x86_64
Sep 27 10:53:55 Updated: lz4-1.7.5-3.el7.x86_64
Sep 27 10:53:55 Updated: iptables-1.4.21-33.el7.x86_64
Sep 27 10:53:56 Updated: iproute-4.11.0-25.el7.x86_64
Sep 27 10:53:56 Updated: libldb-1.4.2-1.el7.x86_64
Sep 27 10:53:56 Updated: python-linux-procfs-0.4.11-4.el7.noarch
Sep 27 10:53:57 Updated: python-firewall-0.6.3-2.el7_7.1.noarch
Sep 27 10:53:57 Updated: python-perf-3.10.0-1062.1.1.el7.x86_64
Sep 27 10:53:58 Updated: 1:cups-libs-1.6.3-40.el7.x86_64
Sep 27 10:54:00 Updated: libicu-50.2-3.el7.x86_64
Sep 27 10:54:01 Updated: libdb-utils-5.3.21-25.el7.x86_64
Sep 27 10:54:01 Updated: grubby-8.28-26.el7.x86_64
Sep 27 10:54:02 Installed: 32:bind-export-libs-9.11.4-9.P2.el7.x86_64
Sep 27 10:54:05 Updated: binutils-2.27-41.base.el7.x86_64
Sep 27 10:54:05 Updated: libssh2-1.8.0-3.el7.x86_64
Sep 27 10:54:05 Updated: libcurl-7.29.0-54.el7.x86_64
Sep 27 10:54:05 Installed: geoipupdate-2.5.0-1.el7.x86_64
Sep 27 10:54:06 Updated: GeoIP-1.5.0-14.el7.x86_64
Sep 27 10:54:06 Updated: curl-7.29.0-54.el7.x86_64
Sep 27 10:54:06 Updated: rpm-libs-4.11.3-40.el7.x86_64
Sep 27 10:54:07 Updated: rpm-4.11.3-40.el7.x86_64
Sep 27 10:54:07 Updated: rpm-build-libs-4.11.3-40.el7.x86_64
Sep 27 10:54:07 Updated: rpm-python-4.11.3-40.el7.x86_64
Sep 27 10:54:07 Updated: yum-plugin-fastestmirror-1.1.31-52.el7.noarch
Sep 27 10:54:08 Updated: yum-3.4.3-163.el7.centos.noarch
Sep 27 10:54:08 Updated: libss-1.42.9-16.el7.x86_64
Sep 27 10:54:08 Updated: 1:make-3.82-24.el7.x86_64
Sep 27 10:54:09 Updated: libmspack-0.5-0.7.alpha.el7.x86_64
Sep 27 10:54:09 Updated: freetype-2.8-14.el7.x86_64
Sep 27 10:54:09 Updated: sg3_utils-libs-1.37-18.el7_7.1.x86_64
Sep 27 10:54:09 Updated: libteam-1.27-9.el7.x86_64
Sep 27 10:54:09 Updated: teamd-1.27-9.el7.x86_64
Sep 27 10:54:09 Updated: 2:vim-minimal-7.4.629-6.el7.x86_64
Sep 27 10:54:10 Updated: kernel-tools-libs-3.10.0-1062.1.1.el7.x86_64
Sep 27 10:54:10 Updated: numactl-libs-2.0.12-3.el7.x86_64
Sep 27 10:54:10 Updated: ipset-libs-7.1-1.el7.x86_64
Sep 27 10:54:10 Updated: ipset-7.1-1.el7.x86_64
Sep 27 10:54:10 Updated: libsmartcols-2.23.2-61.el7.x86_64
Sep 27 10:54:10 Updated: kmod-libs-20-25.el7.x86_64
Sep 27 10:54:12 Updated: util-linux-2.23.2-61.el7.x86_64
Sep 27 10:54:12 Updated: kpartx-0.4.9-127.el7.x86_64
Sep 27 10:54:12 Updated: 7:device-mapper-1.02.158-2.el7.x86_64
Sep 27 10:54:13 Updated: procps-ng-3.3.10-26.el7.x86_64
Sep 27 10:54:13 Updated: 7:device-mapper-libs-1.02.158-2.el7.x86_64
Sep 27 10:54:13 Updated: cryptsetup-libs-2.0.3-5.el7.x86_64
Sep 27 10:54:14 Updated: dracut-033-564.el7.x86_64
Sep 27 10:54:14 Updated: kmod-20-25.el7.x86_64
Sep 27 10:54:14 Updated: systemd-libs-219-67.el7_7.1.x86_64
Sep 27 10:54:15 Updated: elfutils-libs-0.176-2.el7.x86_64
Sep 27 10:54:22 Updated: systemd-219-67.el7_7.1.x86_64
Sep 27 10:54:22 Updated: elfutils-default-yama-scope-0.176-2.el7.noarch
Sep 27 10:54:22 Updated: 1:grub2-tools-minimal-2.02-0.80.el7.centos.x86_64
Sep 27 10:54:23 Updated: 1:grub2-tools-2.02-0.80.el7.centos.x86_64
Sep 27 10:54:25 Updated: initscripts-9.49.47-1.el7.x86_64
Sep 27 10:54:25 Updated: samba-common-4.9.1-6.el7.noarch
Sep 27 10:54:25 Updated: libwbclient-4.9.1-6.el7.x86_64
Sep 27 10:54:28 Updated: samba-client-libs-4.9.1-6.el7.x86_64
Sep 27 10:54:28 Updated: samba-common-libs-4.9.1-6.el7.x86_64
Sep 27 10:54:28 Updated: systemd-sysv-219-67.el7_7.1.x86_64
Sep 27 10:54:29 Updated: rpcbind-0.2.0-48.el7.x86_64
Sep 27 10:54:30 Updated: polkit-0.112-22.el7_7.1.x86_64
Sep 27 10:54:30 Updated: 12:dhcp-libs-4.2.5-77.el7.centos.x86_64
Sep 27 10:54:32 Updated: 1:NetworkManager-libnm-1.18.0-5.el7_7.1.x86_64
Sep 27 10:54:33 Updated: policycoreutils-2.5-33.el7.x86_64
Sep 27 10:54:34 Updated: openssh-7.4p1-21.el7.x86_64
Sep 27 10:55:08 Updated: selinux-policy-3.13.1-252.el7.1.noarch
Sep 27 10:55:08 Updated: 12:dhcp-common-4.2.5-77.el7.centos.x86_64
Sep 27 10:55:08 Updated: 1:quota-4.01-19.el7.x86_64
Sep 27 10:55:09 Updated: 1:grub2-tools-extra-2.02-0.80.el7.centos.x86_64
Sep 27 10:55:09 Updated: 1:grub2-pc-2.02-0.80.el7.centos.x86_64
Sep 27 10:55:13 Updated: hwdata-0.252-9.3.el7.x86_64
Sep 27 10:55:13 Updated: libdrm-2.4.97-2.el7.x86_64
Sep 27 10:55:13 Updated: cronie-anacron-1.4.11-23.el7.x86_64
Sep 27 10:55:13 Updated: cronie-1.4.11-23.el7.x86_64
Sep 27 10:55:14 Updated: gssproxy-0.7.0-26.el7.x86_64
Sep 27 10:55:14 Updated: 2:ethtool-4.8-10.el7.x86_64
Sep 27 10:55:15 Updated: libndp-1.2-9.el7.x86_64
Sep 27 10:55:16 Updated: 1:NetworkManager-1.18.0-5.el7_7.1.x86_64
Sep 27 10:55:48 Updated: linux-firmware-20190429-72.gitddde598.el7.noarch
Sep 27 10:56:03 Installed: kernel-3.10.0-1062.1.1.el7.x86_64
Sep 27 10:56:03 Updated: 1:NetworkManager-tui-1.18.0-5.el7_7.1.x86_64
Sep 27 10:56:03 Updated: 1:NetworkManager-team-1.18.0-5.el7_7.1.x86_64
Sep 27 10:56:04 Updated: tuned-2.11.0-5.el7_7.1.noarch
Sep 27 10:56:06 Updated: 1:nfs-utils-1.3.0-0.65.el7.x86_64
Sep 27 10:56:07 Updated: open-vm-tools-10.3.0-2.el7.x86_64
Sep 27 10:56:07 Updated: lshw-B.02.18-13.el7.x86_64
Sep 27 10:56:07 Updated: 1:grub2-2.02-0.80.el7.centos.x86_64
Sep 27 10:56:07 Updated: 12:dhclient-4.2.5-77.el7.centos.x86_64
Sep 27 10:56:58 Updated: selinux-policy-targeted-3.13.1-252.el7.1.noarch
Sep 27 10:56:59 Updated: openssh-server-7.4p1-21.el7.x86_64
Sep 27 10:56:59 Updated: openssh-clients-7.4p1-21.el7.x86_64
Sep 27 10:56:59 Updated: audit-2.8.5-4.el7.x86_64
Sep 27 10:56:59 Updated: biosdevname-0.7.3-2.el7.x86_64
Sep 27 10:57:00 Updated: 10:qemu-guest-agent-2.12.0-3.el7.x86_64
Sep 27 10:57:00 Updated: chrony-3.4-1.el7.x86_64
Sep 27 10:57:01 Updated: firewalld-0.6.3-2.el7_7.1.noarch
Sep 27 10:57:02 Updated: rsyslog-8.24.0-41.el7_7.x86_64
Sep 27 10:57:02 Updated: 3:irqbalance-1.0.7-12.el7.x86_64
Sep 27 10:57:02 Updated: parted-3.1-31.el7.x86_64
Sep 27 10:57:03 Updated: kernel-tools-3.10.0-1062.1.1.el7.x86_64
Sep 27 10:57:03 Updated: sudo-1.8.23-4.el7.x86_64
Sep 27 10:57:04 Updated: sg3_utils-1.37-18.el7_7.1.x86_64
Sep 27 10:57:05 Updated: 1:openssl-1.0.2k-19.el7.x86_64
Sep 27 10:57:05 Updated: e2fsprogs-1.42.9-16.el7.x86_64
Sep 27 10:57:05 Updated: yum-utils-1.1.31-52.el7.noarch
Sep 27 10:57:06 Updated: 32:bind-libs-lite-9.11.4-9.P2.el7.x86_64
Sep 27 10:57:06 Updated: nss-tools-3.44.0-4.el7.x86_64
Sep 27 10:57:07 Updated: python-chardet-2.2.1-3.el7.noarch
Sep 27 10:57:07 Updated: xfsprogs-4.5.0-20.el7.x86_64
Sep 27 10:57:08 Updated: passwd-0.79-5.el7.x86_64
Sep 27 10:57:08 Updated: 1:mariadb-libs-5.5.64-1.el7.x86_64
Sep 27 10:57:08 Updated: libgomp-4.8.5-39.el7.x86_64
Sep 27 10:57:09 Updated: 1:dmidecode-3.2-3.el7.x86_64
Sep 27 10:57:09 Updated: iprutils-2.4.17.1-2.el7.x86_64
Sep 29 12:25:20 Installed: wget-1.14-18.el7_6.1.x86_64
Sep 29 12:29:00 Installed: mpfr-3.1.1-4.el7.x86_64
Sep 29 12:29:00 Installed: libmpc-1.0.1-3.el7.x86_64
Sep 29 12:29:00 Installed: libquadmath-4.8.5-39.el7.x86_64
Sep 29 12:29:00 Installed: m4-1.4.16-10.el7.x86_64
Sep 29 12:29:00 Installed: apr-1.4.8-5.el7.x86_64
Sep 29 12:29:00 Installed: apr-util-1.5.2-6.el7.x86_64
Sep 29 12:29:01 Installed: zip-3.0-11.el7.x86_64
Sep 29 12:29:01 Installed: unzip-6.0-20.el7.x86_64
Sep 29 12:29:01 Installed: boost-system-1.53.0-27.el7.x86_64
Sep 29 12:29:01 Installed: patch-2.7.1-11.el7.x86_64
Sep 29 12:29:01 Installed: boost-thread-1.53.0-27.el7.x86_64
Sep 29 12:29:01 Installed: libgfortran-4.8.5-39.el7.x86_64
Sep 29 12:29:03 Installed: cpp-4.8.5-39.el7.x86_64
Sep 29 12:29:03 Installed: 1:perl-parent-0.225-244.el7.noarch
Sep 29 12:29:03 Installed: perl-HTTP-Tiny-0.033-3.el7.noarch
Sep 29 12:29:03 Installed: perl-podlators-2.5.1-3.el7.noarch
Sep 29 12:29:03 Installed: perl-Pod-Perldoc-3.20-4.el7.noarch
Sep 29 12:29:03 Installed: 1:perl-Pod-Escapes-1.04-294.el7_6.noarch
Sep 29 12:29:04 Installed: perl-Text-ParseWords-3.29-4.el7.noarch
Sep 29 12:29:05 Installed: perl-Encode-2.51-7.el7.x86_64
Sep 29 12:29:05 Installed: perl-Pod-Usage-1.63-3.el7.noarch
Sep 29 12:29:05 Installed: 4:perl-libs-5.16.3-294.el7_6.x86_64
Sep 29 12:29:05 Installed: perl-Socket-2.010-4.el7.x86_64
Sep 29 12:29:05 Installed: perl-Storable-2.45-3.el7.x86_64
Sep 29 12:29:05 Installed: 4:perl-Time-HiRes-1.9725-3.el7.x86_64
Sep 29 12:29:05 Installed: perl-threads-1.87-4.el7.x86_64
Sep 29 12:29:05 Installed: perl-constant-1.27-2.el7.noarch
Sep 29 12:29:05 Installed: perl-Carp-1.26-244.el7.noarch
Sep 29 12:29:06 Installed: perl-Filter-1.49-3.el7.x86_64
Sep 29 12:29:06 Installed: perl-Exporter-5.68-3.el7.noarch
Sep 29 12:29:06 Installed: perl-Time-Local-1.2300-2.el7.noarch
Sep 29 12:29:06 Installed: 4:perl-macros-5.16.3-294.el7_6.x86_64
Sep 29 12:29:06 Installed: perl-threads-shared-1.43-6.el7.x86_64
Sep 29 12:29:06 Installed: perl-File-Temp-0.23.01-3.el7.noarch
Sep 29 12:29:06 Installed: perl-File-Path-2.09-2.el7.noarch
Sep 29 12:29:06 Installed: perl-PathTools-3.40-5.el7.x86_64
Sep 29 12:29:06 Installed: perl-Scalar-List-Utils-1.27-248.el7.x86_64
Sep 29 12:29:06 Installed: 1:perl-Pod-Simple-3.28-4.el7.noarch
Sep 29 12:29:06 Installed: perl-Getopt-Long-2.40-3.el7.noarch
Sep 29 12:29:14 Installed: 4:perl-5.16.3-294.el7_6.x86_64
Sep 29 12:29:14 Installed: perl-Thread-Queue-3.02-2.el7.noarch
Sep 29 12:29:14 Installed: 1:perl-Error-0.17020-2.el7.noarch
Sep 29 12:29:14 Installed: perl-TermReadKey-2.30-20.el7.x86_64
Sep 29 12:29:14 Installed: perl-Git-1.8.3.1-20.el7.noarch
Sep 29 12:29:19 Installed: git-1.8.3.1-20.el7.x86_64
Sep 29 12:29:19 Installed: perl-Data-Dumper-2.145-3.el7.x86_64
Sep 29 12:29:20 Installed: autoconf-2.69-11.el7.noarch
Sep 29 12:30:32 Installed: kernel-debug-devel-3.10.0-1062.1.1.el7.x86_64
Sep 29 12:30:33 Installed: perl-Test-Harness-3.28-3.el7.noarch
Sep 29 12:30:33 Installed: automake-1.13.4-3.el7.noarch
Sep 29 12:30:34 Installed: perl-XML-Parser-2.41-10.el7.x86_64
Sep 29 12:30:35 Installed: gdb-7.6.1-115.el7.x86_64
Sep 29 12:30:37 Installed: libstdc++-devel-4.8.5-39.el7.x86_64
Sep 29 12:30:37 Installed: python-srpm-macros-3-32.el7.noarch
Sep 29 12:30:37 Installed: 1:emacs-filesystem-24.3-22.el7.noarch
Sep 29 12:30:37 Installed: pakchois-0.4-10.el7.x86_64
Sep 29 12:30:37 Installed: dwz-0.11-3.el7.x86_64
Sep 29 12:30:41 Installed: kernel-headers-3.10.0-1062.1.1.el7.x86_64
Sep 29 12:30:42 Installed: glibc-headers-2.17-292.el7.x86_64
Sep 29 12:30:42 Installed: glibc-devel-2.17-292.el7.x86_64
Sep 29 12:30:47 Installed: gcc-4.8.5-39.el7.x86_64
Sep 29 12:30:50 Installed: systemtap-devel-4.0-9.el7.x86_64
Sep 29 12:30:50 Installed: libquadmath-devel-4.8.5-39.el7.x86_64
Sep 29 12:30:50 Installed: perl-srpm-macros-1-8.el7.noarch
Sep 29 12:30:51 Installed: redhat-rpm-config-9.1.0-88.el7.centos.noarch
Sep 29 12:30:51 Installed: nettle-2.7.1-8.el7.x86_64
Sep 29 12:30:51 Installed: libmodman-2.0.1-8.el7.x86_64
Sep 29 12:30:51 Installed: libproxy-0.4.11-11.el7.x86_64
Sep 29 12:30:51 Installed: efivar-libs-36-12.el7.x86_64
Sep 29 12:30:51 Installed: mokutil-15-2.el7.centos.x86_64
Sep 29 12:30:52 Installed: trousers-0.3.14-2.el7.x86_64
Sep 29 12:30:52 Installed: gnutls-3.3.29-9.el7_6.x86_64
Sep 29 12:30:52 Installed: neon-0.30.0-4.el7.x86_64
Sep 29 12:30:53 Installed: subversion-libs-1.7.14-14.el7.x86_64
Sep 29 12:30:53 Installed: elfutils-0.176-2.el7.x86_64
Sep 29 12:30:53 Installed: boost-date-time-1.53.0-27.el7.x86_64
Sep 29 12:30:53 Installed: gettext-common-devel-0.19.8.1-2.el7.noarch
Sep 29 12:30:54 Installed: gettext-devel-0.19.8.1-2.el7.x86_64
Sep 29 12:30:54 Installed: libdwarf-20130207-4.el7.x86_64
Sep 29 12:30:56 Installed: dyninst-9.3.1-3.el7.x86_64
Sep 29 12:30:56 Installed: systemtap-runtime-4.0-9.el7.x86_64
Sep 29 12:31:01 Installed: systemtap-client-4.0-9.el7.x86_64
Sep 29 12:31:01 Installed: systemtap-4.0-9.el7.x86_64
Sep 29 12:31:01 Installed: intltool-0.50.2-7.el7.noarch
Sep 29 12:31:02 Installed: rpm-build-4.11.3-40.el7.x86_64
Sep 29 12:31:03 Installed: subversion-1.7.14-14.el7.x86_64
Sep 29 12:31:05 Installed: gcc-gfortran-4.8.5-39.el7.x86_64
Sep 29 12:31:07 Installed: gcc-c++-4.8.5-39.el7.x86_64
Sep 29 12:31:07 Installed: libtool-2.4.2-22.el7_3.x86_64
Sep 29 12:31:08 Installed: cscope-15.8-10.el7.x86_64
Sep 29 12:31:08 Installed: patchutils-0.3.3-4.el7.x86_64
Sep 29 12:31:08 Installed: flex-2.5.37-6.el7.x86_64
Sep 29 12:31:08 Installed: bison-3.0.4-2.el7.x86_64
Sep 29 12:31:09 Installed: indent-2.2.11-13.el7.x86_64
Sep 29 12:31:09 Installed: ctags-5.8-13.el7.x86_64
Sep 29 12:31:09 Installed: rpm-sign-4.11.3-40.el7.x86_64
Sep 29 12:31:09 Installed: byacc-1.9.20130304-3.el7.x86_64
Sep 29 12:31:09 Installed: rcs-5.9.0-5.el7.x86_64
Sep 29 12:31:09 Installed: diffstat-1.57-4.el7.x86_64
Sep 29 12:31:12 Installed: swig-2.0.10-5.el7.x86_64
Sep 29 12:31:17 Installed: 1:doxygen-1.8.5-3.el7.x86_64
Sep 29 12:36:54 Installed: zlib-devel-1.2.7-18.el7.x86_64
Sep 29 12:36:54 Installed: keyutils-libs-devel-1.5.8-3.el7.x86_64
Sep 29 12:36:54 Installed: libsepol-devel-2.5-10.el7.x86_64
Sep 29 12:36:55 Installed: pcre-devel-8.32-17.el7.x86_64
Sep 29 12:36:55 Installed: libselinux-devel-2.5-14.1.el7.x86_64
Sep 29 12:36:55 Installed: libkadm5-1.15.1-37.el7_7.2.x86_64
Sep 29 12:36:55 Installed: libcom_err-devel-1.42.9-16.el7.x86_64
Sep 29 12:36:55 Installed: libverto-devel-0.2.5-4.el7.x86_64
Sep 29 12:36:56 Installed: krb5-devel-1.15.1-37.el7_7.2.x86_64
Sep 29 12:36:59 Installed: 1:openssl-devel-1.0.2k-19.el7.x86_64
Sep 29 12:36:59 Installed: elfutils-libelf-devel-0.176-2.el7.x86_64
Sep 29 12:36:59 Installed: bc-1.06.95-13.el7.x86_64
Sep 29 12:37:01 Installed: ncurses-devel-5.9-14.20130511.el7_4.x86_64
